mode: set
assignments-zhouyifan0904/servers/gateway/models/users/user.go:55.37,65.16 2 1
assignments-zhouyifan0904/servers/gateway/models/users/user.go:69.2,69.26 1 1
assignments-zhouyifan0904/servers/gateway/models/users/user.go:73.2,73.36 1 1
assignments-zhouyifan0904/servers/gateway/models/users/user.go:77.2,77.26 1 1
assignments-zhouyifan0904/servers/gateway/models/users/user.go:81.2,81.43 1 1
assignments-zhouyifan0904/servers/gateway/models/users/user.go:84.2,84.12 1 1
assignments-zhouyifan0904/servers/gateway/models/users/user.go:65.16,67.3 1 1
assignments-zhouyifan0904/servers/gateway/models/users/user.go:69.26,71.3 1 1
assignments-zhouyifan0904/servers/gateway/models/users/user.go:73.36,75.3 1 1
assignments-zhouyifan0904/servers/gateway/models/users/user.go:77.26,79.3 1 1
assignments-zhouyifan0904/servers/gateway/models/users/user.go:81.43,83.3 1 1
assignments-zhouyifan0904/servers/gateway/models/users/user.go:89.44,103.16 2 1
assignments-zhouyifan0904/servers/gateway/models/users/user.go:107.2,122.19 13 1
assignments-zhouyifan0904/servers/gateway/models/users/user.go:103.16,105.3 1 1
assignments-zhouyifan0904/servers/gateway/models/users/user.go:130.34,132.43 1 1
assignments-zhouyifan0904/servers/gateway/models/users/user.go:132.43,134.3 1 1
assignments-zhouyifan0904/servers/gateway/models/users/user.go:134.8,134.30 1 1
assignments-zhouyifan0904/servers/gateway/models/users/user.go:134.30,136.3 1 1
assignments-zhouyifan0904/servers/gateway/models/users/user.go:136.8,138.3 1 1
assignments-zhouyifan0904/servers/gateway/models/users/user.go:142.51,146.16 2 1
assignments-zhouyifan0904/servers/gateway/models/users/user.go:150.2,151.12 2 1
assignments-zhouyifan0904/servers/gateway/models/users/user.go:146.16,149.3 2 0
assignments-zhouyifan0904/servers/gateway/models/users/user.go:156.52,160.84 1 1
assignments-zhouyifan0904/servers/gateway/models/users/user.go:164.2,164.12 1 1
assignments-zhouyifan0904/servers/gateway/models/users/user.go:160.84,162.3 1 1
assignments-zhouyifan0904/servers/gateway/models/users/user.go:169.53,172.23 1 1
assignments-zhouyifan0904/servers/gateway/models/users/user.go:176.2,176.22 1 1
assignments-zhouyifan0904/servers/gateway/models/users/user.go:180.2,180.43 1 1
assignments-zhouyifan0904/servers/gateway/models/users/user.go:183.2,183.12 1 1
assignments-zhouyifan0904/servers/gateway/models/users/user.go:172.23,174.3 1 1
assignments-zhouyifan0904/servers/gateway/models/users/user.go:176.22,178.3 1 1
assignments-zhouyifan0904/servers/gateway/models/users/user.go:180.43,182.3 1 1
assignments-zhouyifan0904/servers/gateway/models/users/mysqlstore.go:13.52,17.2 1 1
assignments-zhouyifan0904/servers/gateway/models/users/mysqlstore.go:20.56,24.16 2 1
assignments-zhouyifan0904/servers/gateway/models/users/mysqlstore.go:28.2,32.18 3 1
assignments-zhouyifan0904/servers/gateway/models/users/mysqlstore.go:39.2,39.35 1 1
assignments-zhouyifan0904/servers/gateway/models/users/mysqlstore.go:43.2,43.19 1 1
assignments-zhouyifan0904/servers/gateway/models/users/mysqlstore.go:24.16,26.3 1 1
assignments-zhouyifan0904/servers/gateway/models/users/mysqlstore.go:32.18,34.66 1 1
assignments-zhouyifan0904/servers/gateway/models/users/mysqlstore.go:34.66,36.5 1 0
assignments-zhouyifan0904/servers/gateway/models/users/mysqlstore.go:39.35,41.3 1 0
assignments-zhouyifan0904/servers/gateway/models/users/mysqlstore.go:47.63,51.16 2 1
assignments-zhouyifan0904/servers/gateway/models/users/mysqlstore.go:55.2,59.18 3 1
assignments-zhouyifan0904/servers/gateway/models/users/mysqlstore.go:66.2,66.35 1 1
assignments-zhouyifan0904/servers/gateway/models/users/mysqlstore.go:70.2,70.19 1 1
assignments-zhouyifan0904/servers/gateway/models/users/mysqlstore.go:51.16,53.3 1 1
assignments-zhouyifan0904/servers/gateway/models/users/mysqlstore.go:59.18,61.66 1 1
assignments-zhouyifan0904/servers/gateway/models/users/mysqlstore.go:61.66,63.5 1 0
assignments-zhouyifan0904/servers/gateway/models/users/mysqlstore.go:66.35,68.3 1 0
assignments-zhouyifan0904/servers/gateway/models/users/mysqlstore.go:74.69,78.16 2 1
assignments-zhouyifan0904/servers/gateway/models/users/mysqlstore.go:82.2,86.18 3 1
assignments-zhouyifan0904/servers/gateway/models/users/mysqlstore.go:93.2,93.35 1 1
assignments-zhouyifan0904/servers/gateway/models/users/mysqlstore.go:97.2,97.19 1 1
assignments-zhouyifan0904/servers/gateway/models/users/mysqlstore.go:78.16,80.3 1 1
assignments-zhouyifan0904/servers/gateway/models/users/mysqlstore.go:86.18,88.66 1 1
assignments-zhouyifan0904/servers/gateway/models/users/mysqlstore.go:88.66,90.5 1 0
assignments-zhouyifan0904/servers/gateway/models/users/mysqlstore.go:93.35,95.3 1 0
assignments-zhouyifan0904/servers/gateway/models/users/mysqlstore.go:102.57,106.16 3 1
assignments-zhouyifan0904/servers/gateway/models/users/mysqlstore.go:110.2,112.16 2 1
assignments-zhouyifan0904/servers/gateway/models/users/mysqlstore.go:116.2,117.18 2 1
assignments-zhouyifan0904/servers/gateway/models/users/mysqlstore.go:106.16,108.3 1 0
assignments-zhouyifan0904/servers/gateway/models/users/mysqlstore.go:112.16,114.3 1 0
assignments-zhouyifan0904/servers/gateway/models/users/mysqlstore.go:122.73,126.16 3 1
assignments-zhouyifan0904/servers/gateway/models/users/mysqlstore.go:130.2,132.16 2 1
assignments-zhouyifan0904/servers/gateway/models/users/mysqlstore.go:136.2,136.18 1 1
assignments-zhouyifan0904/servers/gateway/models/users/mysqlstore.go:126.16,128.3 1 1
assignments-zhouyifan0904/servers/gateway/models/users/mysqlstore.go:132.16,134.3 1 1
assignments-zhouyifan0904/servers/gateway/models/users/mysqlstore.go:140.46,144.16 3 1
assignments-zhouyifan0904/servers/gateway/models/users/mysqlstore.go:148.2,148.12 1 1
assignments-zhouyifan0904/servers/gateway/models/users/mysqlstore.go:144.16,146.3 1 1
assignments-zhouyifan0904/servers/gateway/models/users/user.go:55.37,65.16 2 1
assignments-zhouyifan0904/servers/gateway/models/users/user.go:69.2,69.26 1 1
assignments-zhouyifan0904/servers/gateway/models/users/user.go:73.2,73.36 1 1
assignments-zhouyifan0904/servers/gateway/models/users/user.go:77.2,77.26 1 1
assignments-zhouyifan0904/servers/gateway/models/users/user.go:81.2,81.43 1 1
assignments-zhouyifan0904/servers/gateway/models/users/user.go:84.2,84.12 1 1
assignments-zhouyifan0904/servers/gateway/models/users/user.go:65.16,67.3 1 1
assignments-zhouyifan0904/servers/gateway/models/users/user.go:69.26,71.3 1 1
assignments-zhouyifan0904/servers/gateway/models/users/user.go:73.36,75.3 1 1
assignments-zhouyifan0904/servers/gateway/models/users/user.go:77.26,79.3 1 1
assignments-zhouyifan0904/servers/gateway/models/users/user.go:81.43,83.3 1 1
assignments-zhouyifan0904/servers/gateway/models/users/user.go:89.44,103.16 2 1
assignments-zhouyifan0904/servers/gateway/models/users/user.go:107.2,122.19 13 1
assignments-zhouyifan0904/servers/gateway/models/users/user.go:103.16,105.3 1 1
assignments-zhouyifan0904/servers/gateway/models/users/user.go:130.34,132.43 1 1
assignments-zhouyifan0904/servers/gateway/models/users/user.go:132.43,134.3 1 1
assignments-zhouyifan0904/servers/gateway/models/users/user.go:134.8,134.30 1 1
assignments-zhouyifan0904/servers/gateway/models/users/user.go:134.30,136.3 1 1
assignments-zhouyifan0904/servers/gateway/models/users/user.go:136.8,138.3 1 1
assignments-zhouyifan0904/servers/gateway/models/users/user.go:142.51,146.16 2 1
assignments-zhouyifan0904/servers/gateway/models/users/user.go:150.2,151.12 2 1
assignments-zhouyifan0904/servers/gateway/models/users/user.go:146.16,149.3 2 0
assignments-zhouyifan0904/servers/gateway/models/users/user.go:156.52,160.84 1 1
assignments-zhouyifan0904/servers/gateway/models/users/user.go:164.2,164.12 1 1
assignments-zhouyifan0904/servers/gateway/models/users/user.go:160.84,162.3 1 1
assignments-zhouyifan0904/servers/gateway/models/users/user.go:169.53,172.23 1 1
assignments-zhouyifan0904/servers/gateway/models/users/user.go:176.2,176.22 1 1
assignments-zhouyifan0904/servers/gateway/models/users/user.go:180.2,180.43 1 1
assignments-zhouyifan0904/servers/gateway/models/users/user.go:183.2,183.12 1 1
assignments-zhouyifan0904/servers/gateway/models/users/user.go:172.23,174.3 1 1
assignments-zhouyifan0904/servers/gateway/models/users/user.go:176.22,178.3 1 1
assignments-zhouyifan0904/servers/gateway/models/users/user.go:180.43,182.3 1 1
