mode: set
assignments-zhouyifan0904/servers/gateway/handlers/auth.go:22.81,23.18 1 1
assignments-zhouyifan0904/servers/gateway/handlers/auth.go:24.23,27.58 2 1
assignments-zhouyifan0904/servers/gateway/handlers/auth.go:33.3,35.17 3 1
assignments-zhouyifan0904/servers/gateway/handlers/auth.go:41.3,42.17 2 1
assignments-zhouyifan0904/servers/gateway/handlers/auth.go:48.3,49.17 2 1
assignments-zhouyifan0904/servers/gateway/handlers/auth.go:55.3,56.17 2 1
assignments-zhouyifan0904/servers/gateway/handlers/auth.go:62.3,64.34 3 1
assignments-zhouyifan0904/servers/gateway/handlers/auth.go:65.10,67.9 2 0
assignments-zhouyifan0904/servers/gateway/handlers/auth.go:27.58,30.4 2 0
assignments-zhouyifan0904/servers/gateway/handlers/auth.go:35.17,38.4 2 0
assignments-zhouyifan0904/servers/gateway/handlers/auth.go:42.17,45.4 2 0
assignments-zhouyifan0904/servers/gateway/handlers/auth.go:49.17,52.4 2 0
assignments-zhouyifan0904/servers/gateway/handlers/auth.go:56.17,59.4 2 0
assignments-zhouyifan0904/servers/gateway/handlers/auth.go:76.88,77.18 1 1
assignments-zhouyifan0904/servers/gateway/handlers/auth.go:78.22,83.23 3 1
assignments-zhouyifan0904/servers/gateway/handlers/auth.go:101.3,102.18 2 1
assignments-zhouyifan0904/servers/gateway/handlers/auth.go:111.3,113.34 3 1
assignments-zhouyifan0904/servers/gateway/handlers/auth.go:114.24,118.17 3 1
assignments-zhouyifan0904/servers/gateway/handlers/auth.go:124.3,127.17 4 1
assignments-zhouyifan0904/servers/gateway/handlers/auth.go:140.3,141.58 2 1
assignments-zhouyifan0904/servers/gateway/handlers/auth.go:147.3,149.17 3 1
assignments-zhouyifan0904/servers/gateway/handlers/auth.go:155.3,158.17 3 1
assignments-zhouyifan0904/servers/gateway/handlers/auth.go:164.3,166.34 3 1
assignments-zhouyifan0904/servers/gateway/handlers/auth.go:167.10,169.9 2 0
assignments-zhouyifan0904/servers/gateway/handlers/auth.go:83.23,86.18 3 1
assignments-zhouyifan0904/servers/gateway/handlers/auth.go:86.18,89.5 2 0
assignments-zhouyifan0904/servers/gateway/handlers/auth.go:90.9,93.18 3 1
assignments-zhouyifan0904/servers/gateway/handlers/auth.go:97.4,97.16 1 1
assignments-zhouyifan0904/servers/gateway/handlers/auth.go:93.18,96.5 2 0
assignments-zhouyifan0904/servers/gateway/handlers/auth.go:102.18,105.4 2 0
assignments-zhouyifan0904/servers/gateway/handlers/auth.go:105.9,105.24 1 1
assignments-zhouyifan0904/servers/gateway/handlers/auth.go:105.24,108.4 2 0
assignments-zhouyifan0904/servers/gateway/handlers/auth.go:118.17,121.4 2 0
assignments-zhouyifan0904/servers/gateway/handlers/auth.go:127.17,129.18 2 1
assignments-zhouyifan0904/servers/gateway/handlers/auth.go:133.4,133.21 1 1
assignments-zhouyifan0904/servers/gateway/handlers/auth.go:129.18,132.5 2 0
assignments-zhouyifan0904/servers/gateway/handlers/auth.go:133.21,136.5 2 0
assignments-zhouyifan0904/servers/gateway/handlers/auth.go:141.58,144.4 2 0
assignments-zhouyifan0904/servers/gateway/handlers/auth.go:149.17,152.4 2 0
assignments-zhouyifan0904/servers/gateway/handlers/auth.go:158.17,161.4 2 0
assignments-zhouyifan0904/servers/gateway/handlers/auth.go:175.84,178.33 1 1
assignments-zhouyifan0904/servers/gateway/handlers/auth.go:184.2,185.57 2 1
assignments-zhouyifan0904/servers/gateway/handlers/auth.go:191.2,194.16 4 1
assignments-zhouyifan0904/servers/gateway/handlers/auth.go:200.2,201.16 2 1
assignments-zhouyifan0904/servers/gateway/handlers/auth.go:207.2,208.16 2 1
assignments-zhouyifan0904/servers/gateway/handlers/auth.go:215.2,217.16 3 1
assignments-zhouyifan0904/servers/gateway/handlers/auth.go:224.2,225.16 2 1
assignments-zhouyifan0904/servers/gateway/handlers/auth.go:232.2,234.32 3 1
assignments-zhouyifan0904/servers/gateway/handlers/auth.go:178.33,181.3 2 1
assignments-zhouyifan0904/servers/gateway/handlers/auth.go:185.57,188.3 2 1
assignments-zhouyifan0904/servers/gateway/handlers/auth.go:194.16,197.3 2 0
assignments-zhouyifan0904/servers/gateway/handlers/auth.go:201.16,205.3 2 0
assignments-zhouyifan0904/servers/gateway/handlers/auth.go:208.16,212.3 2 1
assignments-zhouyifan0904/servers/gateway/handlers/auth.go:217.16,221.3 2 0
assignments-zhouyifan0904/servers/gateway/handlers/auth.go:225.16,229.3 2 0
assignments-zhouyifan0904/servers/gateway/handlers/auth.go:238.91,239.35 1 1
assignments-zhouyifan0904/servers/gateway/handlers/auth.go:239.35,246.21 4 1
assignments-zhouyifan0904/servers/gateway/handlers/auth.go:252.3,253.17 2 1
assignments-zhouyifan0904/servers/gateway/handlers/auth.go:259.3,259.34 1 1
assignments-zhouyifan0904/servers/gateway/handlers/auth.go:246.21,249.4 2 1
assignments-zhouyifan0904/servers/gateway/handlers/auth.go:253.17,256.4 2 0
assignments-zhouyifan0904/servers/gateway/handlers/auth.go:260.8,262.3 1 1
assignments-zhouyifan0904/servers/gateway/handlers/context.go:24.111,25.22 1 1
assignments-zhouyifan0904/servers/gateway/handlers/context.go:29.2,29.25 1 1
assignments-zhouyifan0904/servers/gateway/handlers/context.go:33.2,33.22 1 1
assignments-zhouyifan0904/servers/gateway/handlers/context.go:37.2,37.61 1 1
assignments-zhouyifan0904/servers/gateway/handlers/context.go:25.22,26.28 1 0
assignments-zhouyifan0904/servers/gateway/handlers/context.go:29.25,30.29 1 0
assignments-zhouyifan0904/servers/gateway/handlers/context.go:33.22,34.26 1 0
assignments-zhouyifan0904/servers/gateway/handlers/cors.go:26.73,33.32 6 1
assignments-zhouyifan0904/servers/gateway/handlers/cors.go:38.5,38.31 1 1
assignments-zhouyifan0904/servers/gateway/handlers/cors.go:33.32,36.6 2 1
assignments-zhouyifan0904/servers/gateway/handlers/cors.go:42.60,45.2 2 1
assignments-zhouyifan0904/servers/gateway/handlers/summary.go:43.61,75.15 4 1
assignments-zhouyifan0904/servers/gateway/handlers/summary.go:81.2,83.16 3 1
assignments-zhouyifan0904/servers/gateway/handlers/summary.go:88.2,89.16 2 1
assignments-zhouyifan0904/servers/gateway/handlers/summary.go:93.2,93.40 1 1
assignments-zhouyifan0904/servers/gateway/handlers/summary.go:75.15,78.3 2 0
assignments-zhouyifan0904/servers/gateway/handlers/summary.go:83.16,85.3 1 0
assignments-zhouyifan0904/servers/gateway/handlers/summary.go:89.16,91.3 1 0
assignments-zhouyifan0904/servers/gateway/handlers/summary.go:99.55,114.16 2 1
assignments-zhouyifan0904/servers/gateway/handlers/summary.go:118.2,118.28 1 1
assignments-zhouyifan0904/servers/gateway/handlers/summary.go:122.2,124.50 2 1
assignments-zhouyifan0904/servers/gateway/handlers/summary.go:128.2,128.23 1 1
assignments-zhouyifan0904/servers/gateway/handlers/summary.go:114.16,116.3 1 0
assignments-zhouyifan0904/servers/gateway/handlers/summary.go:118.28,120.3 1 1
assignments-zhouyifan0904/servers/gateway/handlers/summary.go:124.50,126.3 1 1
assignments-zhouyifan0904/servers/gateway/handlers/summary.go:133.85,149.6 3 1
assignments-zhouyifan0904/servers/gateway/handlers/summary.go:149.6,152.20 2 1
assignments-zhouyifan0904/servers/gateway/handlers/summary.go:153.24,155.21 2 1
assignments-zhouyifan0904/servers/gateway/handlers/summary.go:160.4,160.24 1 0
assignments-zhouyifan0904/servers/gateway/handlers/summary.go:163.53,165.22 2 1
assignments-zhouyifan0904/servers/gateway/handlers/summary.go:282.25,284.28 2 1
assignments-zhouyifan0904/servers/gateway/handlers/summary.go:155.21,158.5 1 1
assignments-zhouyifan0904/servers/gateway/handlers/summary.go:166.17,168.32 1 1
assignments-zhouyifan0904/servers/gateway/handlers/summary.go:174.16,175.37 1 1
assignments-zhouyifan0904/servers/gateway/handlers/summary.go:246.16,247.40 1 1
assignments-zhouyifan0904/servers/gateway/handlers/summary.go:168.32,170.37 2 1
assignments-zhouyifan0904/servers/gateway/handlers/summary.go:170.37,172.7 1 1
assignments-zhouyifan0904/servers/gateway/handlers/summary.go:175.37,176.22 1 1
assignments-zhouyifan0904/servers/gateway/handlers/summary.go:178.22,179.46 1 1
assignments-zhouyifan0904/servers/gateway/handlers/summary.go:223.18,224.46 1 1
assignments-zhouyifan0904/servers/gateway/handlers/summary.go:179.46,180.40 1 1
assignments-zhouyifan0904/servers/gateway/handlers/summary.go:180.40,181.25 1 1
assignments-zhouyifan0904/servers/gateway/handlers/summary.go:182.24,183.40 1 1
assignments-zhouyifan0904/servers/gateway/handlers/summary.go:184.23,186.24 2 1
assignments-zhouyifan0904/servers/gateway/handlers/summary.go:189.25,190.41 1 1
assignments-zhouyifan0904/servers/gateway/handlers/summary.go:191.29,192.44 1 1
assignments-zhouyifan0904/servers/gateway/handlers/summary.go:193.31,194.47 1 1
assignments-zhouyifan0904/servers/gateway/handlers/summary.go:195.25,198.24 3 1
assignments-zhouyifan0904/servers/gateway/handlers/summary.go:201.10,201.57 1 1
assignments-zhouyifan0904/servers/gateway/handlers/summary.go:202.29,204.24 2 0
assignments-zhouyifan0904/servers/gateway/handlers/summary.go:207.36,209.24 2 1
assignments-zhouyifan0904/servers/gateway/handlers/summary.go:212.30,213.70 1 1
assignments-zhouyifan0904/servers/gateway/handlers/summary.go:214.31,215.88 1 1
assignments-zhouyifan0904/servers/gateway/handlers/summary.go:216.32,217.89 1 1
assignments-zhouyifan0904/servers/gateway/handlers/summary.go:218.29,219.69 1 1
assignments-zhouyifan0904/servers/gateway/handlers/summary.go:186.24,188.11 1 1
assignments-zhouyifan0904/servers/gateway/handlers/summary.go:198.24,200.11 1 1
assignments-zhouyifan0904/servers/gateway/handlers/summary.go:204.24,206.11 1 0
assignments-zhouyifan0904/servers/gateway/handlers/summary.go:209.24,211.11 1 1
assignments-zhouyifan0904/servers/gateway/handlers/summary.go:224.46,225.40 1 1
assignments-zhouyifan0904/servers/gateway/handlers/summary.go:225.40,226.25 1 1
assignments-zhouyifan0904/servers/gateway/handlers/summary.go:227.28,229.43 1 1
assignments-zhouyifan0904/servers/gateway/handlers/summary.go:232.23,233.42 1 1
assignments-zhouyifan0904/servers/gateway/handlers/summary.go:234.25,236.29 2 1
assignments-zhouyifan0904/servers/gateway/handlers/summary.go:239.10,239.32 1 1
assignments-zhouyifan0904/servers/gateway/handlers/summary.go:229.43,231.11 1 1
assignments-zhouyifan0904/servers/gateway/handlers/summary.go:236.29,238.11 1 1
assignments-zhouyifan0904/servers/gateway/handlers/summary.go:247.40,249.55 1 1
assignments-zhouyifan0904/servers/gateway/handlers/summary.go:249.55,252.43 2 1
assignments-zhouyifan0904/servers/gateway/handlers/summary.go:260.7,260.44 1 1
assignments-zhouyifan0904/servers/gateway/handlers/summary.go:272.7,272.43 1 1
assignments-zhouyifan0904/servers/gateway/handlers/summary.go:277.7,277.27 1 1
assignments-zhouyifan0904/servers/gateway/handlers/summary.go:252.43,253.34 1 1
assignments-zhouyifan0904/servers/gateway/handlers/summary.go:253.34,255.23 2 1
assignments-zhouyifan0904/servers/gateway/handlers/summary.go:255.23,257.10 1 1
assignments-zhouyifan0904/servers/gateway/handlers/summary.go:260.44,261.36 1 1
assignments-zhouyifan0904/servers/gateway/handlers/summary.go:261.36,263.32 2 1
assignments-zhouyifan0904/servers/gateway/handlers/summary.go:266.9,266.30 1 1
assignments-zhouyifan0904/servers/gateway/handlers/summary.go:263.32,265.10 1 1
assignments-zhouyifan0904/servers/gateway/handlers/summary.go:266.30,269.10 2 1
assignments-zhouyifan0904/servers/gateway/handlers/summary.go:272.43,273.34 1 1
assignments-zhouyifan0904/servers/gateway/handlers/summary.go:273.34,275.9 1 1
assignments-zhouyifan0904/servers/gateway/handlers/summary.go:284.28,287.5 1 1
assignments-zhouyifan0904/servers/gateway/handlers/summary.go:292.69,294.16 2 1
assignments-zhouyifan0904/servers/gateway/handlers/summary.go:297.2,298.16 2 1
assignments-zhouyifan0904/servers/gateway/handlers/summary.go:301.2,301.47 1 1
assignments-zhouyifan0904/servers/gateway/handlers/summary.go:294.16,296.3 1 0
assignments-zhouyifan0904/servers/gateway/handlers/summary.go:298.16,300.3 1 0
